#
# There is insufficient memory for the Java Runtime Environment to continue.
# Native memory allocation (malloc) failed to allocate 1048576 bytes for AllocateHeap
# Possible reasons:
#   The system is out of physical RAM or swap space
#   In 32 bit mode, the process size limit was hit
# Possible solutions:
#   Reduce memory load on the system
#   Increase physical memory or swap space
#   Check if swap backing store is full
#   Use 64 bit Java on a 64 bit OS
#   Decrease Java heap size (-Xmx/-Xms)
#   Decrease number of Java threads
#   Decrease Java thread stack sizes (-Xss)
#   Set larger code cache with -XX:ReservedCodeCacheSize=
# This output file may be truncated or incomplete.
#
#  Out of Memory Error (memory/allocation.inline.hpp:62), pid=8752, tid=1888
#
# JRE version:  (8.0_31-b13) (build )
# Java VM: Java HotSpot(TM) 64-Bit Server VM (25.31-b07 mixed mode windows-amd64 compressed oops)
# Failed to write core dump. Minidumps are not enabled by default on client versions of Windows
#

---------------  T H R E A D  ---------------

Current thread (0x0000000002300800):  JavaThread "Unknown thread" [_thread_in_vm, id=1888, stack(0x0000000002100000,0x0000000002200000)]

Stack: [0x0000000002100000,0x0000000002200000]
Native frames: (J=compiled Java code, j=interpreted, Vv=VM code, C=native code)
V  [jvm.dll+0x3169ba]
V  [jvm.dll+0x2674c3]
V  [jvm.dll+0x268103]
V  [jvm.dll+0x25f8f5]
V  [jvm.dll+0x3aa76f]
V  [jvm.dll+0x3d6852]
V  [jvm.dll+0x3d6bda]
V  [jvm.dll+0x3d2017]
V  [jvm.dll+0xe54d2]
V  [jvm.dll+0x1fa089]
V  [jvm.dll+0x22b694]
V  [jvm.dll+0x14d8c1]
C  [java.exe+0x20b6]
C  [java.exe+0xc9bb]
C  [java.exe+0xca4f]
C  [KERNEL32.DLL+0x16ad]
C  [ntdll.dll+0x54409]


---------------  P R O C E S S  ---------------

Java Threads: ( => current thread )

Other Threads:

=>0x0000000002300800 (exited) JavaThread "Unknown thread" [_thread_in_vm, id=1888, stack(0x0000000002100000,0x0000000002200000)]

VM state:not at safepoint (normal execution)

VM Mutex/Monitor currently owned by a thread: None

Heap:
 PSYoungGen      total 38400K, used 665K [0x00000000d5d00000, 0x00000000d8780000, 0x0000000100000000)
  eden space 33280K, 2% used [0x00000000d5d00000,0x00000000d5da6670,0x00000000d7d80000)
  from space 5120K, 0% used [0x00000000d8280000,0x00000000d8280000,0x00000000d8780000)
  to   space 5120K, 0% used [0x00000000d7d80000,0x00000000d7d80000,0x00000000d8280000)
 ParOldGen       total 87552K, used 0K [0x0000000081600000, 0x0000000086b80000, 0x00000000d5d00000)
  object space 87552K, 0% used [0x0000000081600000,0x0000000081600000,0x0000000086b80000)
 Metaspace       used 657K, capacity 4480K, committed 4480K, reserved 1056768K
  class space    used 67K, capacity 384K, committed 384K, reserved 1048576K

Card table byte_map: [0x00000000117c0000,0x0000000011bc0000] byte_map_base: 0x00000000113b5000

Marking Bits: (ParMarkBitMap*) 0x000000005356d4f0
 Begin Bits: [0x0000000012270000, 0x0000000014218000)
 End Bits:   [0x0000000014218000, 0x00000000161c0000)

Polling page: 0x00000000007d0000

CodeCache: size=245760Kb used=327Kb max_used=327Kb free=245432Kb
 bounds [0x0000000002400000, 0x0000000002670000, 0x0000000011400000]
 total_blobs=56 nmethods=0 adapters=37
 compilation: enabled

Compilation events (0 events):
No events

GC Heap History (0 events):
No events

Deoptimization events (0 events):
No events

Internal exceptions (0 events):
No events

Events (10 events):
Event: 0.015 loading class java/lang/Short
Event: 0.015 loading class java/lang/Short done
Event: 0.015 loading class java/lang/Integer
Event: 0.015 loading class java/lang/Integer done
Event: 0.015 loading class java/lang/Long
Event: 0.015 loading class java/lang/Long done
Event: 0.016 loading class java/lang/NullPointerException
Event: 0.016 loading class java/lang/NullPointerException done
Event: 0.016 loading class java/lang/ArithmeticException
Event: 0.016 loading class java/lang/ArithmeticException done


Dynamic libraries:
0x00007ff75d690000 - 0x00007ff75d6c4000 	C:\ProgramData\Oracle\Java\javapath\java.exe
0x00007ffb7a6d0000 - 0x00007ffb7a876000 	C:\Windows\SYSTEM32\ntdll.dll
0x00007ffb79c10000 - 0x00007ffb79d4a000 	C:\Windows\system32\KERNEL32.DLL
0x00007ffb77c60000 - 0x00007ffb77d6f000 	C:\Windows\system32\KERNELBASE.dll
0x00007ffb75c70000 - 0x00007ffb75cf8000 	C:\Windows\system32\apphelp.dll
0x00007ffb6cfd0000 - 0x00007ffb6d01f000 	C:\Windows\AppPatch\AppPatch64\AcGenral.DLL
0x00007ffb78100000 - 0x00007ffb781a7000 	C:\Windows\system32\msvcrt.dll
0x00007ffb778f0000 - 0x00007ffb7791b000 	C:\Windows\SYSTEM32\SspiCli.dll
0x00007ffb780a0000 - 0x00007ffb780f1000 	C:\Windows\system32\SHLWAPI.dll
0x00007ffb7a4e0000 - 0x00007ffb7a651000 	C:\Windows\system32\USER32.dll
0x00007ffb7a360000 - 0x00007ffb7a4d8000 	C:\Windows\system32\ole32.dll
0x00007ffb786b0000 - 0x00007ffb79abf000 	C:\Windows\system32\SHELL32.dll
0x00007ffb77120000 - 0x00007ffb7713e000 	C:\Windows\SYSTEM32\USERENV.dll
0x00007ffb78530000 - 0x00007ffb785d5000 	C:\Windows\system32\ADVAPI32.dll
0x00007ffb6eb20000 - 0x00007ffb6eb3b000 	C:\Windows\SYSTEM32\MPR.dll
0x00007ffb7a1f0000 - 0x00007ffb7a327000 	C:\Windows\system32\RPCRT4.dll
0x00007ffb7a190000 - 0x00007ffb7a1e7000 	C:\Windows\SYSTEM32\sechost.dll
0x00007ffb781b0000 - 0x00007ffb78386000 	C:\Windows\SYSTEM32\combase.dll
0x00007ffb77f50000 - 0x00007ffb78094000 	C:\Windows\system32\GDI32.dll
0x00007ffb77a40000 - 0x00007ffb77a54000 	C:\Windows\SYSTEM32\profapi.dll
0x00007ffb76a50000 - 0x00007ffb76aef000 	C:\Windows\SYSTEM32\SHCORE.dll
0x00007ffb79ac0000 - 0x00007ffb79af4000 	C:\Windows\system32\IMM32.DLL
0x00007ffb783f0000 - 0x00007ffb78529000 	C:\Windows\system32\MSCTF.dll
0x00007ffb73df0000 - 0x00007ffb7404a000 	C:\Windows\WinSxS\amd64_microsoft.windows.common-controls_6595b64144ccf1df_6.0.9600.17031_none_6242a4b3ecbb55a1\COMCTL32.dll
0x00000000535f0000 - 0x00000000536c2000 	C:\Program Files\Java\jre1.8.0_31\bin\msvcr100.dll
0x0000000052d90000 - 0x00000000535ea000 	C:\Program Files\Java\jre1.8.0_31\bin\server\jvm.dll
0x00007ffb694d0000 - 0x00007ffb694d9000 	C:\Windows\SYSTEM32\WSOCK32.dll
0x00007ffb717d0000 - 0x00007ffb717ef000 	C:\Windows\SYSTEM32\WINMM.dll
0x00007ffb79d50000 - 0x00007ffb79d57000 	C:\Windows\system32\PSAPI.DLL
0x00007ffb79ba0000 - 0x00007ffb79bf8000 	C:\Windows\system32\WS2_32.dll
0x00007ffb71770000 - 0x00007ffb7179a000 	C:\Windows\SYSTEM32\WINMMBASE.dll
0x00007ffb7a6c0000 - 0x00007ffb7a6c9000 	C:\Windows\system32\NSI.dll
0x00007ffb77bc0000 - 0x00007ffb77c0a000 	C:\Windows\SYSTEM32\cfgmgr32.dll
0x00007ffb76470000 - 0x00007ffb76496000 	C:\Windows\SYSTEM32\DEVOBJ.dll
0x0000000052d80000 - 0x0000000052d8f000 	C:\Program Files\Java\jre1.8.0_31\bin\verify.dll
0x0000000052d50000 - 0x0000000052d78000 	C:\Program Files\Java\jre1.8.0_31\bin\java.dll
0x0000000052d30000 - 0x0000000052d46000 	C:\Program Files\Java\jre1.8.0_31\bin\zip.dll
0x00007ffb5f5c0000 - 0x00007ffb5f748000 	C:\Windows\SYSTEM32\dbghelp.dll

VM Arguments:
java_command: <unknown>
java_class_path (initial): .
Launcher Type: SUN_STANDARD

Environment Variables:
JAVA_HOME=C:\Program Files (x86)\java\jdk1.8.0_31
PATH=C:\ProgramData\Oracle\Java\javapath;C:\Windows\system32;C:\Windows;C:\Windows\System32\Wbem;C:\Windows\System32\WindowsPowerShell\v1.0\;C:\python27;C:\ProgramData\chocolatey\bin;C:\Program Files (x86)\nodejs\;C:\Program Files\Microsoft SQL Server\110\Tools\Binn\;C:\tools\PhantomJS;C:\casperjs\batchbin;C:\Users\Karan\AppData\Roaming\npm;C:\Android\android-sdk\tools;C:\Android\android-sdk\platform-tools;C:\apache-ant-1.9.4\bin;C:\Program Files (x86)\java\jdk1.8.0_31\bin
USERNAME=Karan
OS=Windows_NT
PROCESSOR_IDENTIFIER=Intel64 Family 6 Model 69 Stepping 1, GenuineIntel



---------------  S Y S T E M  ---------------

OS: Windows 8.1 , 64 bit Build 9600 

CPU:total 4 (2 cores per cpu, 2 threads per core) family 6 model 69 stepping 1, cmov, cx8, fxsr, mmx, sse, sse2, sse3, ssse3, sse4.1, sse4.2, popcnt, avx, avx2, aes, clmul, erms, lzcnt, ht, tsc, tscinvbit, bmi1, bmi2

Memory: 4k page, physical 8294916k(961684k free), swap 14538872k(54016k free)

vm_info: Java HotSpot(TM) 64-Bit Server VM (25.31-b07) for windows-amd64 JRE (1.8.0_31-b13), built on Dec 17 2014 21:00:28 by "java_re" with MS VC++ 10.0 (VS2010)

time: Mon Feb 09 04:12:22 2015
elapsed time: 0 seconds (0d 0h 0m 0s)

